<?xml version="1.0" encoding="UTF-8"?>
<!-- Generated by org.testng.reporters.JUnitReportReporter -->
<testsuite hostname="hp" failures="0" tests="6" name="com.sevenmartsupermarket.tests.AdminUserTest" time="38.859" errors="0" timestamp="2025-06-05T20:22:31 IST" skipped="0">
  <testcase classname="com.sevenmartsupermarket.tests.AdminUserTest" name="validateColorOFNewButton" time="6.257"/>
  <testcase classname="com.sevenmartsupermarket.tests.AdminUserTest" name="verifyAdminUserRegistration" time="6.496"/>
  <testcase classname="com.sevenmartsupermarket.tests.AdminUserTest" name="verifyAdminUserRegistration" time="7.539"/>
  <testcase classname="com.sevenmartsupermarket.tests.AdminUserTest" name="validateLogin" time="5.960"/>
  <testcase classname="com.sevenmartsupermarket.tests.AdminUserTest" name="verifyAdminUserRegistration" time="5.694"/>
  <testcase classname="com.sevenmartsupermarket.tests.AdminUserTest" name="vAalidateNewUser" time="6.913"/>
</testsuite> <!-- com.sevenmartsupermarket.tests.AdminUserTest -->
