<?xml version="1.0" encoding="UTF-8"?>
<!-- Generated by org.testng.reporters.JUnitReportReporter -->
<testsuite hostname="hp" failures="0" tests="1" name="com.sevenmartsupermarket.tests.LoginTest" time="9.942" errors="0" timestamp="2025-06-03T21:20:24 IST" skipped="0">
  <testcase classname="com.sevenmartsupermarket.tests.LoginTest" name="verifyValidLogin" time="9.942"/>
</testsuite> <!-- com.sevenmartsupermarket.tests.LoginTest -->
